Loading the ModusToolbox Technology Packs and Early Access Packs
Finished loading the ModusToolbox Technology Packs and Early Access Packs (2 ms)
Loading the tools information
Finished loading the tools information (34 ms)
From ModusToolbox Tools version 3.4.0.0 installed at C:/Users/Archit/ModusToolbox/tools_3.4, using
 airoc-tools version 5.0.1.207
 bsp-assistant version 1.30.0.2394
 bt-configurator version 3.10.0.2973
 capsense-configurator version 6.40.0.8062
 chipload version 1.6.6.21056
 cymcuelftool version 1.0.0.62
 dashboard version 3.4.0.276
 detectandid version 5.0.1.207
 device-configurator version 5.20.0.2873
 dfuh-tool version 2.60.0.2347
 ez-pd-configurator version 2.10.0.2074
 fw-loader version 3.8.0.2355
 gcc version 11.3.1.67
 hardware-config-server version 1.2.0.1243
 kp-firmware version 2.70.0.1480
 lcs-manager-cli version 1.20.0.291
 library-manager version 2.30.0.4360
 lin-configurator version 1.50.0.2044
 make version 2.4.0.6343
 mbtp version 5.0.1.207
 modus-shell version 1.5.0.123
 mtbgetlibs version 1.4.0.3447
 mtbideexport version 1.3.0.268
 mtblaunch version 1.4.0.3447
 mtbninja version 1.4.0.3447
 mtbquery version 1.4.0.3447
 mtbsearch version 1.4.0.3447
 ninja version 1.12.1
 project-creator version 2.30.0.4811
 proxy-helper version 1.60.0.380
 qspi-configurator version 4.40.0.2321
 seglcd-configurator version 1.70.0.1928
 signcombinemkgen version 1.0.0.268
 smartio-configurator version 4.30.0.1497
 srecord version 1.64.0.15
 usbdev-configurator version 2.80.0.1997
From ModusToolbox Pack ModusToolbox Edge Protect Security Suite version 1.3.0.234 installed at C:/Users/Archit/Infineon/Tools/ModusToolbox-Edge-Protect-Security-Suite-1.3, using
 edgeprotecttools version 1.3.0.10775
 secure-policy-configurator version 1.51.0.1790
Loading the manifest data
Online Content mode has been enabled by default.
Loading super manfiest files from all sources
Getting manifests from remote and/or local sources
Processing system manifest 'https://modustoolbox.infineon.com/manifests/mtb-super-manifest/v2.X/mtb-super-manifest-fv2.xml'
Downloading super manifest file 'https://modustoolbox.infineon.com/manifests/mtb-super-manifest/v2.X/mtb-super-manifest-fv2.xml'
Finished loading super manifest files from all sources
Finished download of file 'https://modustoolbox.infineon.com/manifests/mtb-super-manifest/v2.X/mtb-super-manifest-fv2.xml'
Starting to parse super manifest with URL 'https://modustoolbox.infineon.com/manifests/mtb-super-manifest/v2.X/mtb-super-manifest-fv2.xml'
Finished parsing super manifest with URL 'https://modustoolbox.infineon.com/manifests/mtb-super-manifest/v2.X/mtb-super-manifest-fv2.xml'
Downloading manifest file 'https://github.com/Infineon/mtb-ce-manifest/raw/v2.X/mtb-ce-manifest.xml'
Downloading manifest file 'https://github.com/Infineon/mtb-ce-manifest/raw/v2.X/mtb-ce-manifest-fv2.xml'
Downloading manifest file 'https://github.com/Infineon/mtb-bt-app-manifest/raw/v2.X/mtb-bt-app-manifest.xml'
Downloading manifest file 'https://github.com/Infineon/mtb-bt-app-manifest/raw/v2.X/mtb-bt-app-manifest-fv2.xml'
Downloading manifest file 'https://github.com/Infineon/cce-app-manifest/raw/v2.X/cce-app-manifest-fv2.xml'
Downloading manifest file 'https://github.com/Altia-Marketing/altia-ce-manifest/raw/main/altia-ce-manifest-fv2.xml'
Downloading manifest file 'https://github.com/avnet-iotconnect/avnet-iotc-mtb-ce-manifest/raw/main/avnet-iotc-mtb-ce-manifest-fv2.xml'
Downloading manifest file 'https://github.com/CyberonEBU/cyberon-mtb-ce-manifest/raw/main/cyberon-mtb-ce-manifest-fv2.xml'
Downloading manifest file 'https://github.com/edgeimpulse/edgeimpulse-ce-manifest/raw/main/edgeimpulse-ce-manifest-fv2.xml'
Downloading manifest file 'https://github.com/golioth/mtb-golioth-ce-manifest/raw/main/mtb-golioth-ce-manifest-fv2.xml'
Downloading manifest file 'https://github.com/memfault/mtb-memfault-ce-manifest/raw/main/mtb-memfault-ce-manifest-fv2.xml'
Downloading manifest file 'https://github.com/rtlabs-com/mtb-rtlabs-manifest/raw/main/mtb-ce-manifest-fv2-rtlabs.xml'
Downloading manifest file 'https://github.com/RutronikSystemSolutions/rutronik-ce-manifest/raw/main/rutronik-ce-manifest-fv2.xml'
Downloading manifest file 'https://github.com/sensiml/sensiml-ce-manifest/raw/main/sensiml-ce-manifest-fv2.xml'
Downloading manifest file 'https://github.com/Infineon/mtb-bsp-manifest/raw/v2.X/mtb-bsp-manifest.xml'
Downloading manifest file 'https://github.com/Infineon/mtb-bsp-manifest/raw/v2.X/mtb-bsp-capabilities-manifest.json'
Downloading manifest file 'https://github.com/Infineon/mtb-bsp-manifest/raw/v2.X/mtb-bsp-manifest-fv2.xml'
Downloading manifest file 'https://github.com/Infineon/mtb-bsp-manifest/raw/v2.X/mtb-bsp-dependencies-manifest.xml'
Downloading manifest file 'https://github.com/Infineon/mtb-bt-bsp-manifest/raw/v2.X/mtb-bt-bsp-manifest.xml'
Downloading manifest file 'https://github.com/Infineon/mtb-bt-bsp-manifest/raw/v2.X/mtb-bt-bsp-manifest-fv2.xml'
Downloading manifest file 'https://github.com/Infineon/mtb-bt-bsp-manifest/raw/v2.X/mtb-bt-bsp-dependencies-manifest.xml'
Downloading manifest file 'https://github.com/Inventek/inventek-bsp-manifest/raw/main/inventek-bsp-manifest-fv2.xml'
Downloading manifest file 'https://github.com/Inventek/inventek-bsp-manifest/raw/main/inventek-bsp-dependencies-manifest.xml'
Downloading manifest file 'https://github.com/RutronikSystemSolutions/rutronik-bsp-manifest/raw/main/rutronik-bsp-manifest-fv2.xml'
Downloading manifest file 'https://github.com/RutronikSystemSolutions/rutronik-bsp-manifest/raw/main/rutronik-bsp-dependencies-manifest.xml'
Downloading manifest file 'https://github.com/Infineon/mtb-mw-manifest/raw/v2.X/mtb-mw-manifest.xml'
Downloading manifest file 'https://github.com/Infineon/mtb-mw-manifest/raw/v2.X/mtb-mw-manifest-fv2.xml'
Downloading manifest file 'https://github.com/Infineon/mtb-mw-manifest/raw/v2.X/mtb-mw-dependencies-manifest.xml'
Downloading manifest file 'https://github.com/Infineon/mtb-bt-mw-manifest/raw/v2.X/mtb-bt-mw-manifest.xml'
Downloading manifest file 'https://github.com/Infineon/mtb-bt-mw-manifest/raw/v2.X/mtb-bt-mw-manifest-fv2.xml'
Downloading manifest file 'https://github.com/Infineon/mtb-bt-mw-manifest/raw/v2.X/mtb-bt-mw-dependencies-manifest.xml'
Downloading manifest file 'https://github.com/Infineon/mtb-wifi-mw-manifest/raw/v2.X/mtb-wifi-mw-manifest.xml'
Downloading manifest file 'https://github.com/Infineon/mtb-wifi-mw-manifest/raw/v2.X/mtb-wifi-mw-manifest-fv2.xml'
Downloading manifest file 'https://github.com/Infineon/mtb-wifi-mw-manifest/raw/v2.X/mtb-wifi-mw-dependencies-manifest.xml'
Downloading manifest file 'https://github.com/avnet-iotconnect/avnet-iotc-mtb-mw-manifest/raw/main/avnet-iotc-mtb-mw-manifest-fv2.xml'
Downloading manifest file 'https://github.com/CyberonEBU/cyberon-mtb-mw-manifest/raw/main/cyberon-mtb-mw-manifest-fv2.xml'
Downloading manifest file 'https://github.com/golioth/mtb-golioth-mw-manifest/raw/main/mtb-golioth-mw-manifest-fv2.xml'
Downloading manifest file 'https://github.com/memfault/mtb-memfault-mw-manifest/raw/main/mtb-memfault-mw-manifest-fv2.xml'
Downloading manifest file 'https://github.com/rtlabs-com/mtb-rtlabs-manifest/raw/main/rtlabs-mtb-mw-manifest-fw2-rtlabs.xml'
Downloading manifest file 'https://github.com/sensiml/sensiml-mw-manifest/raw/main/sensiml-mw-manifest-fv2.xml'
Finished download of file 'https://github.com/Infineon/mtb-ce-manifest/raw/v2.X/mtb-ce-manifest.xml'
Finished download of file 'https://github.com/Infineon/mtb-ce-manifest/raw/v2.X/mtb-ce-manifest-fv2.xml'
Finished download of file 'https://github.com/Infineon/mtb-bt-app-manifest/raw/v2.X/mtb-bt-app-manifest.xml'
Finished download of file 'https://github.com/Infineon/mtb-bt-app-manifest/raw/v2.X/mtb-bt-app-manifest-fv2.xml'
Finished download of file 'https://github.com/Infineon/cce-app-manifest/raw/v2.X/cce-app-manifest-fv2.xml'
Finished download of file 'https://github.com/Altia-Marketing/altia-ce-manifest/raw/main/altia-ce-manifest-fv2.xml'
Finished download of file 'https://github.com/avnet-iotconnect/avnet-iotc-mtb-ce-manifest/raw/main/avnet-iotc-mtb-ce-manifest-fv2.xml'
Finished download of file 'https://github.com/CyberonEBU/cyberon-mtb-ce-manifest/raw/main/cyberon-mtb-ce-manifest-fv2.xml'
Finished download of file 'https://github.com/edgeimpulse/edgeimpulse-ce-manifest/raw/main/edgeimpulse-ce-manifest-fv2.xml'
Finished download of file 'https://github.com/golioth/mtb-golioth-ce-manifest/raw/main/mtb-golioth-ce-manifest-fv2.xml'
Finished download of file 'https://github.com/memfault/mtb-memfault-ce-manifest/raw/main/mtb-memfault-ce-manifest-fv2.xml'
Finished download of file 'https://github.com/rtlabs-com/mtb-rtlabs-manifest/raw/main/mtb-ce-manifest-fv2-rtlabs.xml'
Finished download of file 'https://github.com/RutronikSystemSolutions/rutronik-ce-manifest/raw/main/rutronik-ce-manifest-fv2.xml'
Finished download of file 'https://github.com/sensiml/sensiml-ce-manifest/raw/main/sensiml-ce-manifest-fv2.xml'
Finished download of file 'https://github.com/Infineon/mtb-bsp-manifest/raw/v2.X/mtb-bsp-manifest.xml'
Finished download of file 'https://github.com/Infineon/mtb-bsp-manifest/raw/v2.X/mtb-bsp-capabilities-manifest.json'
Finished download of file 'https://github.com/Infineon/mtb-bsp-manifest/raw/v2.X/mtb-bsp-manifest-fv2.xml'
Finished download of file 'https://github.com/Infineon/mtb-bsp-manifest/raw/v2.X/mtb-bsp-dependencies-manifest.xml'
Finished download of file 'https://github.com/Infineon/mtb-bt-bsp-manifest/raw/v2.X/mtb-bt-bsp-manifest.xml'
Finished download of file 'https://github.com/Infineon/mtb-bt-bsp-manifest/raw/v2.X/mtb-bt-bsp-manifest-fv2.xml'
Finished download of file 'https://github.com/Infineon/mtb-bt-bsp-manifest/raw/v2.X/mtb-bt-bsp-dependencies-manifest.xml'
Finished download of file 'https://github.com/Inventek/inventek-bsp-manifest/raw/main/inventek-bsp-manifest-fv2.xml'
Finished download of file 'https://github.com/Inventek/inventek-bsp-manifest/raw/main/inventek-bsp-dependencies-manifest.xml'
Finished download of file 'https://github.com/RutronikSystemSolutions/rutronik-bsp-manifest/raw/main/rutronik-bsp-manifest-fv2.xml'
Finished download of file 'https://github.com/RutronikSystemSolutions/rutronik-bsp-manifest/raw/main/rutronik-bsp-dependencies-manifest.xml'
Finished download of file 'https://github.com/Infineon/mtb-mw-manifest/raw/v2.X/mtb-mw-manifest.xml'
Finished download of file 'https://github.com/Infineon/mtb-mw-manifest/raw/v2.X/mtb-mw-manifest-fv2.xml'
Finished download of file 'https://github.com/Infineon/mtb-mw-manifest/raw/v2.X/mtb-mw-dependencies-manifest.xml'
Finished download of file 'https://github.com/Infineon/mtb-bt-mw-manifest/raw/v2.X/mtb-bt-mw-manifest.xml'
Finished download of file 'https://github.com/Infineon/mtb-bt-mw-manifest/raw/v2.X/mtb-bt-mw-manifest-fv2.xml'
Finished download of file 'https://github.com/Infineon/mtb-bt-mw-manifest/raw/v2.X/mtb-bt-mw-dependencies-manifest.xml'
Finished download of file 'https://github.com/Infineon/mtb-wifi-mw-manifest/raw/v2.X/mtb-wifi-mw-manifest.xml'
Finished download of file 'https://github.com/Infineon/mtb-wifi-mw-manifest/raw/v2.X/mtb-wifi-mw-manifest-fv2.xml'
Finished download of file 'https://github.com/Infineon/mtb-wifi-mw-manifest/raw/v2.X/mtb-wifi-mw-dependencies-manifest.xml'
Finished download of file 'https://github.com/avnet-iotconnect/avnet-iotc-mtb-mw-manifest/raw/main/avnet-iotc-mtb-mw-manifest-fv2.xml'
Finished download of file 'https://github.com/CyberonEBU/cyberon-mtb-mw-manifest/raw/main/cyberon-mtb-mw-manifest-fv2.xml'
Finished download of file 'https://github.com/golioth/mtb-golioth-mw-manifest/raw/main/mtb-golioth-mw-manifest-fv2.xml'
Finished download of file 'https://github.com/memfault/mtb-memfault-mw-manifest/raw/main/mtb-memfault-mw-manifest-fv2.xml'
Finished download of file 'https://github.com/rtlabs-com/mtb-rtlabs-manifest/raw/main/rtlabs-mtb-mw-manifest-fw2-rtlabs.xml'
Finished download of file 'https://github.com/sensiml/sensiml-mw-manifest/raw/main/sensiml-mw-manifest-fv2.xml'
Finished loading the manifest data (1752 ms)
0 error(s), 0 warning(s)

Summary: 

BSP: KIT_XMC72_EVK
Template Application(s): Ethernet UDP Client
Application(s) Root Path: C:/Users/Archit/S25_26

Press "Create" to create the selected application(s).

Collecting application data...

Info: The following entered on the command line will create the exact same project as that created with the GUI tool:
C:/Users/Archit/ModusToolbox/tools_3.4/project-creator/project-creator-cli.exe --board-id KIT_XMC72_EVK --board-uri https://github.com/Infineon/TARGET_KIT_XMC72_EVK --board-commit latest-v2.X --app-id mtb-example-ethernet-udp-client --app-uri https://github.com/Infineon/mtb-example-ethernet-udp-client --app-commit latest-v2.X --target-dir C:/Users/Archit/S25_26 --user-app-name Ethernet_UDP_Client_1 --use-modus-shell
Starting application creation for 'C:/Users/Archit/S25_26/Ethernet_UDP_Client_1'.
Acquiring the application source 'https://github.com/Infineon/mtb-example-ethernet-udp-client'.
Git#0>Cloning into 'Ethernet_UDP_Client_1'...
Git#0>remote: Enumerating objects: 18, done.        
Git#0>remote: Counting objects:   5% (1/18)        
Git#0>remote: Counting objects:  11% (2/18)        
Git#0>remote: Counting objects:  16% (3/18)        
Git#0>remote: Counting objects:  22% (4/18)        
Git#0>remote: Counting objects:  27% (5/18)        
Git#0>remote: Counting objects:  33% (6/18)        
Git#0>remote: Counting objects:  38% (7/18)        
Git#0>remote: Counting objects:  44% (8/18)        
Git#0>remote: Counting objects:  50% (9/18)        
Git#0>remote: Counting objects:  55% (10/18)        
Git#0>remote: Counting objects:  61% (11/18)        
Git#0>remote: Counting objects:  66% (12/18)        
Git#0>remote: Counting objects:  72% (13/18)        
Git#0>remote: Counting objects:  77% (14/18)        
Git#0>remote: Counting objects:  83% (15/18)        
Git#0>remote: Counting objects:  88% (16/18)        
Git#0>remote: Counting objects:  94% (17/18)        
Git#0>remote: Counting objects: 100% (18/18)        
Git#0>remote: Counting objects: 100% (18/18), done.        
Git#0>remote: Compressing objects:   9% (1/11)        
Git#0>remote: Compressing objects:  18% (2/11)        
Git#0>remote: Compressing objects:  27% (3/11)        
Git#0>remote: Compressing objects:  36% (4/11)        
Git#0>remote: Compressing objects:  45% (5/11)        
Git#0>remote: Compressing objects:  54% (6/11)        
Git#0>remote: Compressing objects:  63% (7/11)        
Git#0>remote: Compressing objects:  72% (8/11)        
Git#0>remote: Compressing objects:  81% (9/11)        
Git#0>remote: Compressing objects:  90% (10/11)        
Git#0>remote: Compressing objects: 100% (11/11)        
Git#0>remote: Compressing objects: 100% (11/11), done.        
Git#0>remote: Total 18 (delta 1), reused 18 (delta 1), pack-reused 0 (from 0)        
Git#0>Receiving objects:   5% (1/18)
Git#0>Receiving objects:  11% (2/18)
Git#0>Receiving objects:  16% (3/18)
Git#0>Receiving objects:  22% (4/18)
Git#0>Receiving objects:  27% (5/18)
Git#0>Receiving objects:  33% (6/18)
Git#0>Receiving objects:  38% (7/18)
Git#0>Receiving objects:  44% (8/18)
Git#0>Receiving objects:  50% (9/18)
Git#0>Receiving objects:  55% (10/18)
Git#0>Receiving objects:  61% (11/18)
Git#0>Receiving objects:  66% (12/18)
Git#0>Receiving objects:  72% (13/18)
Git#0>Receiving objects:  77% (14/18)
Git#0>Receiving objects:  83% (15/18)
Git#0>Receiving objects:  88% (16/18)
Git#0>Receiving objects:  94% (17/18)
Git#0>Receiving objects: 100% (18/18)
Git#0>Receiving objects: 100% (18/18), done.
Git#0>Resolving deltas:   0% (0/1)
Git#0>Resolving deltas: 100% (1/1)
Git#0>Resolving deltas: 100% (1/1), done.
Git#1>Updating files:  90% (19/21)
Git#1>Updating files:  95% (20/21)
Git#1>Updating files: 100% (21/21)
Git#1>Updating files: 100% (21/21), done.
Git#1>HEAD is now at 9758332 Upload mtb-example-ethernet-udp-client [3108]
Acquired application source successfully.
Loading the application.
Loaded the application successfully.
Processing project 'Ethernet_UDP_Client_1'.
Starting to commit changes to the filesystem and project 'mtb-example-ethernet-udp-client'.
Writing mtb file for asset 'KIT_XMC72_EVK' to the folder 'C:/Users/Archit/S25_26/Ethernet_UDP_Client_1/deps'.
Writing mtb file for asset 'abstraction-rtos' to the folder 'C:/Users/Archit/S25_26/Ethernet_UDP_Client_1/libs'.
Writing mtb file for asset 'clib-support' to the folder 'C:/Users/Archit/S25_26/Ethernet_UDP_Client_1/libs'.
Writing mtb file for asset 'connectivity-utilities' to the folder 'C:/Users/Archit/S25_26/Ethernet_UDP_Client_1/libs'.
Writing mtb file for asset 'mbedTLS Acceleration' to the folder 'C:/Users/Archit/S25_26/Ethernet_UDP_Client_1/libs'.
Writing mtb file for asset 'freertos' to the folder 'C:/Users/Archit/S25_26/Ethernet_UDP_Client_1/libs'.
Writing mtb file for asset 'lwip-freertos-integration' to the folder 'C:/Users/Archit/S25_26/Ethernet_UDP_Client_1/libs'.
Writing mtb file for asset 'lwip-network-interface-integration' to the folder 'C:/Users/Archit/S25_26/Ethernet_UDP_Client_1/libs'.
Writing mtb file for asset 'lwip' to the folder 'C:/Users/Archit/S25_26/Ethernet_UDP_Client_1/libs'.
Writing mtb file for asset 'mbedtls' to the folder 'C:/Users/Archit/S25_26/Ethernet_UDP_Client_1/libs'.
Writing mtb file for asset 'secure-sockets' to the folder 'C:/Users/Archit/S25_26/Ethernet_UDP_Client_1/libs'.
Writing mtb file for asset 'ethernet-connection-manager' to the folder 'C:/Users/Archit/S25_26/Ethernet_UDP_Client_1/libs'.
Writing mtb file for asset 'cat1cm0p' to the folder 'C:/Users/Archit/S25_26/Ethernet_UDP_Client_1/libs'.
Writing mtb file for asset 'core-lib' to the folder 'C:/Users/Archit/S25_26/Ethernet_UDP_Client_1/libs'.
Writing mtb file for asset 'core-make' to the folder 'C:/Users/Archit/S25_26/Ethernet_UDP_Client_1/libs'.
Writing mtb file for asset 'mtb-hal-cat1' to the folder 'C:/Users/Archit/S25_26/Ethernet_UDP_Client_1/libs'.
Writing mtb file for asset 'mtb-pdl-cat1' to the folder 'C:/Users/Archit/S25_26/Ethernet_UDP_Client_1/libs'.
Writing mtb file for asset 'recipe-make-cat1c' to the folder 'C:/Users/Archit/S25_26/Ethernet_UDP_Client_1/libs'.
Writing mtb file for asset 'cmsis' to the folder 'C:/Users/Archit/S25_26/Ethernet_UDP_Client_1/libs'.
Writing mtb file for asset 'device-db' to the folder 'C:/Users/Archit/S25_26/Ethernet_UDP_Client_1/libs'.
Writing mtb file for asset 'ethernet-core-freertos-lwip-mbedtls' to the folder 'C:/Users/Archit/S25_26/Ethernet_UDP_Client_1/deps'.
Writing mtb file for asset 'ethernet-phy-driver' to the folder 'C:/Users/Archit/S25_26/Ethernet_UDP_Client_1/deps'.
Writing mtb file for asset 'retarget-io' to the folder 'C:/Users/Archit/S25_26/Ethernet_UDP_Client_1/deps'.
Git#2>Starting: git -C C:/Users/Archit/S25_26/Ethernet_UDP_Client_1/libs clone --progress --origin cypress --no-checkout --filter=blob:none https://github.com/Infineon/TARGET_KIT_XMC72_EVK TARGET_KIT_XMC72_EVK
Git#3>Starting: git -C C:/Users/Archit/S25_26/mtb_shared/ethernet-core-freertos-lwip-mbedtls/release-v2.3.0 -c advice.detachedHead=false checkout --progress release-v2.3.0
Git#4>Starting: git -C C:/Users/Archit/S25_26/mtb_shared/ethernet-phy-driver/release-v1.1.0 -c advice.detachedHead=false checkout --progress release-v1.1.0
Git#5>Starting: git -C C:/Users/Archit/S25_26/mtb_shared/retarget-io/release-v1.7.0 -c advice.detachedHead=false checkout --progress release-v1.7.0
Git#2>Cloning into 'TARGET_KIT_XMC72_EVK'...
Git#3>HEAD is now at 4b96d48 Upload ethernet-core-freertos-lwip-mbedtls 2.3.0.126 [3108]
Git#3>Success: git -C C:/Users/Archit/S25_26/mtb_shared/ethernet-core-freertos-lwip-mbedtls/release-v2.3.0 -c advice.detachedHead=false checkout --progress release-v2.3.0
Git#6>Starting: git -C C:/Users/Archit/S25_26/mtb_shared/abstraction-rtos/release-v1.10.0 -c advice.detachedHead=false checkout --progress release-v1.10.0
Git#4>HEAD is now at 0015d77 Upload ethernet-phy-driver 1.1.0.76 [2752]
Git#4>Success: git -C C:/Users/Archit/S25_26/mtb_shared/ethernet-phy-driver/release-v1.1.0 -c advice.detachedHead=false checkout --progress release-v1.1.0
Git#7>Starting: git -C C:/Users/Archit/S25_26/mtb_shared/clib-support/release-v1.6.0 -c advice.detachedHead=false checkout --progress release-v1.6.0
Git#5>HEAD is now at 9dd4eeb Upload retarget-io [3062]
Git#5>Success: git -C C:/Users/Archit/S25_26/mtb_shared/retarget-io/release-v1.7.0 -c advice.detachedHead=false checkout --progress release-v1.7.0
Git#8>Starting: git -C C:/Users/Archit/S25_26/mtb_shared/connectivity-utilities/release-v4.5.0 -c advice.detachedHead=false checkout --progress release-v4.5.0
Git#6>HEAD is now at 60ad861 Upload abstraction-rtos [3365]
Git#7>HEAD is now at 72a71a7 Upload clib-support [3062]
Git#6>Success: git -C C:/Users/Archit/S25_26/mtb_shared/abstraction-rtos/release-v1.10.0 -c advice.detachedHead=false checkout --progress release-v1.10.0
Git#9>Starting: git -C C:/Users/Archit/S25_26/mtb_shared/cy-mbedtls-acceleration/release-v2.6.0 -c advice.detachedHead=false checkout --progress release-v2.6.0
Git#8>HEAD is now at c667f90 Upload connectivity-utilities 4.5.0.1401 [2644]
Git#7>Success: git -C C:/Users/Archit/S25_26/mtb_shared/clib-support/release-v1.6.0 -c advice.detachedHead=false checkout --progress release-v1.6.0
Git#10>Starting: git -C C:/Users/Archit/S25_26/mtb_shared/freertos/release-v10.5.003 -c advice.detachedHead=false checkout --progress release-v10.5.003
Git#8>Success: git -C C:/Users/Archit/S25_26/mtb_shared/connectivity-utilities/release-v4.5.0 -c advice.detachedHead=false checkout --progress release-v4.5.0
Git#11>Starting: git -C C:/Users/Archit/S25_26/mtb_shared/lwip-freertos-integration/release-v1.1.0 -c advice.detachedHead=false checkout --progress release-v1.1.0
Git#9>HEAD is now at 4ff35d0 Upload cy-mbedtls-acceleration 2.6.0.1419 [3108]
Git#9>Success: git -C C:/Users/Archit/S25_26/mtb_shared/cy-mbedtls-acceleration/release-v2.6.0 -c advice.detachedHead=false checkout --progress release-v2.6.0
Git#12>Starting: git -C C:/Users/Archit/S25_26/mtb_shared/lwip-network-interface-integration/release-v1.5.0 -c advice.detachedHead=false checkout --progress release-v1.5.0
Git#11>HEAD is now at 05a2fcb Upload lwip-freertos-integration 1.1.0.47 [3108]
Git#11>Success: git -C C:/Users/Archit/S25_26/mtb_shared/lwip-freertos-integration/release-v1.1.0 -c advice.detachedHead=false checkout --progress release-v1.1.0
Git#13>Starting: git -C C:/Users/Archit/S25_26/mtb_shared/lwip/STABLE-2_1_2_RELEASE -c advice.detachedHead=false checkout --progress STABLE-2_1_2_RELEASE
Git#10>HEAD is now at 5c018c1 Upload freertos 10.5.003.756 [3062]
Git#10>Success: git -C C:/Users/Archit/S25_26/mtb_shared/freertos/release-v10.5.003 -c advice.detachedHead=false checkout --progress release-v10.5.003
Git#14>Starting: git -C C:/Users/Archit/S25_26/mtb_shared/mbedtls/mbedtls-3.4.0 -c advice.detachedHead=false checkout --progress mbedtls-3.4.0
Git#12>HEAD is now at 32a33e5 Upload lwip-network-interface-integration 1.5.0.385 [3108]
Git#12>Success: git -C C:/Users/Archit/S25_26/mtb_shared/lwip-network-interface-integration/release-v1.5.0 -c advice.detachedHead=false checkout --progress release-v1.5.0
Git#15>Starting: git -C C:/Users/Archit/S25_26/mtb_shared/secure-sockets/release-v3.9.0 -c advice.detachedHead=false checkout --progress release-v3.9.0
Git#13>HEAD is now at 159e31b6 Prepare 2.1.2 release
Git#13>Success: git -C C:/Users/Archit/S25_26/mtb_shared/lwip/STABLE-2_1_2_RELEASE -c advice.detachedHead=false checkout --progress STABLE-2_1_2_RELEASE
Git#16>Starting: git -C C:/Users/Archit/S25_26/mtb_shared/ethernet-connection-manager/release-v2.1.1 -c advice.detachedHead=false checkout --progress release-v2.1.1
Git#14>HEAD is now at 1873d3bfc Merge pull request #1010 from AndrzejKurek/fix-error-translation
Git#14>Success: git -C C:/Users/Archit/S25_26/mtb_shared/mbedtls/mbedtls-3.4.0 -c advice.detachedHead=false checkout --progress mbedtls-3.4.0
Git#17>Starting: git -C C:/Users/Archit/S25_26/mtb_shared/cat1cm0p/release-v1.8.0 -c advice.detachedHead=false checkout --progress release-v1.8.0
Git#15>HEAD is now at 5399f4c Upload secure-sockets 3.9.0.2851 [3108]
Git#15>Success: git -C C:/Users/Archit/S25_26/mtb_shared/secure-sockets/release-v3.9.0 -c advice.detachedHead=false checkout --progress release-v3.9.0
Git#18>Starting: git -C C:/Users/Archit/S25_26/mtb_shared/core-lib/release-v1.4.3 -c advice.detachedHead=false checkout --progress release-v1.4.3
Git#16>HEAD is now at bb1fc5c Upload ethernet-connection-manager 2.1.1.398 [3108]
Git#16>Success: git -C C:/Users/Archit/S25_26/mtb_shared/ethernet-connection-manager/release-v2.1.1 -c advice.detachedHead=false checkout --progress release-v2.1.1
Git#19>Starting: git -C C:/Users/Archit/S25_26/mtb_shared/core-make/release-v3.5.1 -c advice.detachedHead=false checkout --progress release-v3.5.1
Git#17>HEAD is now at bc2632e Upload cat1cm0p 1.8.0.508 [3108]
Git#17>Success: git -C C:/Users/Archit/S25_26/mtb_shared/cat1cm0p/release-v1.8.0 -c advice.detachedHead=false checkout --progress release-v1.8.0
Git#20>Starting: git -C C:/Users/Archit/S25_26/mtb_shared/mtb-hal-cat1/release-v2.6.2 -c advice.detachedHead=false checkout --progress release-v2.6.2
Git#2>remote: Enumerating objects: 91, done.        
Git#2>remote: Counting objects:   1% (1/91)        
Git#2>remote: Counting objects:   2% (2/91)        
Git#2>remote: Counting objects:   3% (3/91)        
Git#2>remote: Counting objects:   4% (4/91)        
Git#2>remote: Counting objects:   5% (5/91)        
Git#2>remote: Counting objects:   6% (6/91)        
Git#2>remote: Counting objects:   7% (7/91)        
Git#2>remote: Counting objects:   8% (8/91)        
Git#2>remote: Counting objects:   9% (9/91)        
Git#2>remote: Counting objects:  10% (10/91)        
Git#2>remote: Counting objects:  12% (11/91)        
Git#2>remote: Counting objects:  13% (12/91)        
Git#2>remote: Counting objects:  14% (13/91)        
Git#2>remote: Counting objects:  15% (14/91)        
Git#2>remote: Counting objects:  16% (15/91)        
Git#2>remote: Counting objects:  17% (16/91)        
Git#2>remote: Counting objects:  18% (17/91)        
Git#2>remote: Counting objects:  19% (18/91)        
Git#2>remote: Counting objects:  20% (19/91)        
Git#2>remote: Counting objects:  21% (20/91)        
Git#2>remote: Counting objects:  23% (21/91)        
Git#2>remote: Counting objects:  24% (22/91)        
Git#2>remote: Counting objects:  25% (23/91)        
Git#2>remote: Counting objects:  26% (24/91)        
Git#2>remote: Counting objects:  27% (25/91)        
Git#2>remote: Counting objects:  28% (26/91)        
Git#2>remote: Counting objects:  29% (27/91)        
Git#2>remote: Counting objects:  30% (28/91)        
Git#2>remote: Counting objects:  31% (29/91)        
Git#2>remote: Counting objects:  32% (30/91)        
Git#2>remote: Counting objects:  34% (31/91)        
Git#2>remote: Counting objects:  35% (32/91)        
Git#2>remote: Counting objects:  36% (33/91)        
Git#2>remote: Counting objects:  37% (34/91)        
Git#2>remote: Counting objects:  38% (35/91)        
Git#2>remote: Counting objects:  39% (36/91)        
Git#2>remote: Counting objects:  40% (37/91)        
Git#2>remote: Counting objects:  41% (38/91)        
Git#2>remote: Counting objects:  42% (39/91)        
Git#2>remote: Counting objects:  43% (40/91)        
Git#2>remote: Counting objects:  45% (41/91)        
Git#2>remote: Counting objects:  46% (42/91)        
Git#2>remote: Counting objects:  47% (43/91)        
Git#2>remote: Counting objects:  48% (44/91)        
Git#2>remote: Counting objects:  49% (45/91)        
Git#2>remote: Counting objects:  50% (46/91)        
Git#2>remote: Counting objects:  51% (47/91)        
Git#2>remote: Counting objects:  52% (48/91)        
Git#2>remote: Counting objects:  53% (49/91)        
Git#2>remote: Counting objects:  54% (50/91)        
Git#2>remote: Counting objects:  56% (51/91)        
Git#2>remote: Counting objects:  57% (52/91)        
Git#2>remote: Counting objects:  58% (53/91)        
Git#2>remote: Counting objects:  59% (54/91)        
Git#2>remote: Counting objects:  60% (55/91)        
Git#2>remote: Counting objects:  61% (56/91)        
Git#2>remote: Counting objects:  62% (57/91)        
Git#2>remote: Counting objects:  63% (58/91)        
Git#2>remote: Counting objects:  64% (59/91)        
Git#2>remote: Counting objects:  65% (60/91)        
Git#2>remote: Counting objects:  67% (61/91)        
Git#2>remote: Counting objects:  68% (62/91)        
Git#2>remote: Counting objects:  69% (63/91)        
Git#2>remote: Counting objects:  70% (64/91)        
Git#2>remote: Counting objects:  71% (65/91)        
Git#2>remote: Counting objects:  72% (66/91)        
Git#2>remote: Counting objects:  73% (67/91)        
Git#2>remote: Counting objects:  74% (68/91)        
Git#2>remote: Counting objects:  75% (69/91)        
Git#2>remote: Counting objects:  76% (70/91)        
Git#2>remote: Counting objects:  78% (71/91)        
Git#2>remote: Counting objects:  79% (72/91)        
Git#2>remote: Counting objects:  80% (73/91)        
Git#2>remote: Counting objects:  81% (74/91)        
Git#2>remote: Counting objects:  82% (75/91)        
Git#2>remote: Counting objects:  83% (76/91)        
Git#2>remote: Counting objects:  84% (77/91)        
Git#2>remote: Counting objects:  85% (78/91)        
Git#2>remote: Counting objects:  86% (79/91)        
Git#2>remote: Counting objects:  87% (80/91)        
Git#2>remote: Counting objects:  89% (81/91)        
Git#2>remote: Counting objects:  90% (82/91)        
Git#2>remote: Counting objects:  91% (83/91)        
Git#2>remote: Counting objects:  92% (84/91)        
Git#2>remote: Counting objects:  93% (85/91)        
Git#2>remote: Counting objects:  94% (86/91)        
Git#2>remote: Counting objects:  95% (87/91)        
Git#2>remote: Counting objects:  96% (88/91)        
Git#2>remote: Counting objects:  97% (89/91)        
Git#2>remote: Counting objects:  98% (90/91)        
Git#2>remote: Counting objects: 100% (91/91)        
Git#2>remote: Counting objects: 100% (91/91), done.        
Git#2>remote: Compressing objects:   1% (1/65)        
Git#2>remote: Compressing objects:   3% (2/65)        
Git#2>remote: Compressing objects:   4% (3/65)        
Git#2>remote: Compressing objects:   6% (4/65)        
Git#2>remote: Compressing objects:   7% (5/65)        
Git#2>remote: Compressing objects:   9% (6/65)        
Git#2>remote: Compressing objects:  10% (7/65)        
Git#2>remote: Compressing objects:  12% (8/65)        
Git#2>remote: Compressing objects:  13% (9/65)        
Git#2>remote: Compressing objects:  15% (10/65)        
Git#2>remote: Compressing objects:  16% (11/65)        
Git#2>remote: Compressing objects:  18% (12/65)        
Git#2>remote: Compressing objects:  20% (13/65)        
Git#2>remote: Compressing objects:  21% (14/65)        
Git#2>remote: Compressing objects:  23% (15/65)        
Git#2>remote: Compressing objects:  24% (16/65)        
Git#2>remote: Compressing objects:  26% (17/65)        
Git#2>remote: Compressing objects:  27% (18/65)        
Git#2>remote: Compressing objects:  29% (19/65)        
Git#2>remote: Compressing objects:  30% (20/65)        
Git#2>remote: Compressing objects:  32% (21/65)        
Git#2>remote: Compressing objects:  33% (22/65)        
Git#2>remote: Compressing objects:  35% (23/65)        
Git#2>remote: Compressing objects:  36% (24/65)        
Git#2>remote: Compressing objects:  38% (25/65)        
Git#2>remote: Compressing objects:  40% (26/65)        
Git#2>remote: Compressing objects:  41% (27/65)        
Git#2>remote: Compressing objects:  43% (28/65)        
Git#2>remote: Compressing objects:  44% (29/65)        
Git#2>remote: Compressing objects:  46% (30/65)        
Git#2>remote: Compressing objects:  47% (31/65)        
Git#2>remote: Compressing objects:  49% (32/65)        
Git#2>remote: Compressing objects:  50% (33/65)        
Git#2>remote: Compressing objects:  52% (34/65)        
Git#2>remote: Compressing objects:  53% (35/65)        
Git#2>remote: Compressing objects:  55% (36/65)        
Git#2>remote: Compressing objects:  56% (37/65)        
Git#2>remote: Compressing objects:  58% (38/65)        
Git#2>remote: Compressing objects:  60% (39/65)        
Git#2>remote: Compressing objects:  61% (40/65)        
Git#2>remote: Compressing objects:  63% (41/65)        
Git#2>remote: Compressing objects:  64% (42/65)        
Git#18>HEAD is now at 1603b9b Upload core-lib [3062]
Git#18>Success: git -C C:/Users/Archit/S25_26/mtb_shared/core-lib/release-v1.4.3 -c advice.detachedHead=false checkout --progress release-v1.4.3
Git#21>Starting: git -C C:/Users/Archit/S25_26/mtb_shared/mtb-pdl-cat1/release-v3.15.1 -c advice.detachedHead=false checkout --progress release-v3.15.1
Git#2>remote: Compressing objects:  66% (43/65)        
Git#2>remote: Compressing objects:  67% (44/65)        
Git#2>remote: Compressing objects:  69% (45/65)        
Git#2>remote: Compressing objects:  70% (46/65)        
Git#2>remote: Compressing objects:  72% (47/65)        
Git#2>remote: Compressing objects:  73% (48/65)        
Git#2>remote: Compressing objects:  75% (49/65)        
Git#2>remote: Compressing objects:  76% (50/65)        
Git#2>remote: Compressing objects:  78% (51/65)        
Git#2>remote: Compressing objects:  80% (52/65)        
Git#2>remote: Compressing objects:  81% (53/65)        
Git#2>remote: Compressing objects:  83% (54/65)        
Git#2>remote: Compressing objects:  84% (55/65)        
Git#2>remote: Compressing objects:  86% (56/65)        
Git#2>remote: Compressing objects:  87% (57/65)        
Git#2>remote: Compressing objects:  89% (58/65)        
Git#2>remote: Compressing objects:  90% (59/65)        
Git#2>remote: Compressing objects:  92% (60/65)        
Git#2>remote: Compressing objects:  93% (61/65)        
Git#2>remote: Compressing objects:  95% (62/65)        
Git#2>remote: Compressing objects:  96% (63/65)        
Git#2>remote: Compressing objects:  98% (64/65)        
Git#2>remote: Compressing objects: 100% (65/65)        
Git#2>remote: Compressing objects: 100% (65/65), done.        
Git#2>remote: Total 91 (delta 25), reused 81 (delta 17), pack-reused 0 (from 0)        
Git#2>Receiving objects:   1% (1/91)
Git#2>Receiving objects:   2% (2/91)
Git#2>Receiving objects:   3% (3/91)
Git#2>Receiving objects:   4% (4/91)
Git#2>Receiving objects:   5% (5/91)
Git#2>Receiving objects:   6% (6/91)
Git#2>Receiving objects:   7% (7/91)
Git#2>Receiving objects:   8% (8/91)
Git#2>Receiving objects:   9% (9/91)
Git#2>Receiving objects:  10% (10/91)
Git#2>Receiving objects:  12% (11/91)
Git#2>Receiving objects:  13% (12/91)
Git#2>Receiving objects:  14% (13/91)
Git#2>Receiving objects:  15% (14/91)
Git#2>Receiving objects:  16% (15/91)
Git#2>Receiving objects:  17% (16/91)
Git#2>Receiving objects:  18% (17/91)
Git#2>Receiving objects:  19% (18/91)
Git#2>Receiving objects:  20% (19/91)
Git#2>Receiving objects:  21% (20/91)
Git#2>Receiving objects:  23% (21/91)
Git#2>Receiving objects:  24% (22/91)
Git#2>Receiving objects:  25% (23/91)
Git#2>Receiving objects:  26% (24/91)
Git#2>Receiving objects:  27% (25/91)
Git#2>Receiving objects:  28% (26/91)
Git#2>Receiving objects:  29% (27/91)
Git#2>Receiving objects:  30% (28/91)
Git#2>Receiving objects:  31% (29/91)
Git#2>Receiving objects:  32% (30/91)
Git#2>Receiving objects:  34% (31/91)
Git#2>Receiving objects:  35% (32/91)
Git#2>Receiving objects:  36% (33/91)
Git#2>Receiving objects:  37% (34/91)
Git#2>Receiving objects:  38% (35/91)
Git#2>Receiving objects:  39% (36/91)
Git#2>Receiving objects:  40% (37/91)
Git#2>Receiving objects:  41% (38/91)
Git#2>Receiving objects:  42% (39/91)
Git#2>Receiving objects:  43% (40/91)
Git#2>Receiving objects:  45% (41/91)
Git#2>Receiving objects:  46% (42/91)
Git#2>Receiving objects:  47% (43/91)
Git#2>Receiving objects:  48% (44/91)
Git#2>Receiving objects:  49% (45/91)
Git#2>Receiving objects:  50% (46/91)
Git#2>Receiving objects:  51% (47/91)
Git#2>Receiving objects:  52% (48/91)
Git#2>Receiving objects:  53% (49/91)
Git#2>Receiving objects:  54% (50/91)
Git#2>Receiving objects:  56% (51/91)
Git#2>Receiving objects:  57% (52/91)
Git#2>Receiving objects:  58% (53/91)
Git#2>Receiving objects:  59% (54/91)
Git#2>Receiving objects:  60% (55/91)
Git#2>Receiving objects:  61% (56/91)
Git#2>Receiving objects:  62% (57/91)
Git#2>Receiving objects:  63% (58/91)
Git#2>Receiving objects:  64% (59/91)
Git#2>Receiving objects:  65% (60/91)
Git#2>Receiving objects:  67% (61/91)
Git#2>Receiving objects:  68% (62/91)
Git#2>Receiving objects:  69% (63/91)
Git#2>Receiving objects:  70% (64/91)
Git#2>Receiving objects:  71% (65/91)
Git#2>Receiving objects:  72% (66/91)
Git#2>Receiving objects:  73% (67/91)
Git#2>Receiving objects:  74% (68/91)
Git#2>Receiving objects:  75% (69/91)
Git#2>Receiving objects:  76% (70/91)
Git#2>Receiving objects:  78% (71/91)
Git#2>Receiving objects:  79% (72/91)
Git#2>Receiving objects:  80% (73/91)
Git#2>Receiving objects:  81% (74/91)
Git#2>Receiving objects:  82% (75/91)
Git#2>Receiving objects:  83% (76/91)
Git#2>Receiving objects:  84% (77/91)
Git#2>Receiving objects:  85% (78/91)
Git#2>Receiving objects:  86% (79/91)
Git#2>Receiving objects:  87% (80/91)
Git#2>Receiving objects:  89% (81/91)
Git#2>Receiving objects:  90% (82/91)
Git#2>Receiving objects:  91% (83/91)
Git#2>Receiving objects:  92% (84/91)
Git#2>Receiving objects:  93% (85/91)
Git#2>Receiving objects:  94% (86/91)
Git#2>Receiving objects:  95% (87/91)
Git#2>Receiving objects:  96% (88/91)
Git#2>Receiving objects:  97% (89/91)
Git#2>Receiving objects:  98% (90/91)
Git#2>Receiving objects: 100% (91/91)
Git#2>Receiving objects: 100% (91/91), 14.83 KiB | 1.24 MiB/s, done.
Git#2>Resolving deltas:   0% (0/25)
Git#2>Resolving deltas:   4% (1/25)
Git#2>Resolving deltas:   8% (2/25)
Git#2>Resolving deltas:  12% (3/25)
Git#2>Resolving deltas:  16% (4/25)
Git#2>Resolving deltas:  20% (5/25)
Git#2>Resolving deltas:  24% (6/25)
Git#2>Resolving deltas:  28% (7/25)
Git#2>Resolving deltas:  32% (8/25)
Git#2>Resolving deltas:  36% (9/25)
Git#2>Resolving deltas:  40% (10/25)
Git#2>Resolving deltas:  44% (11/25)
Git#2>Resolving deltas:  48% (12/25)
Git#2>Resolving deltas:  52% (13/25)
Git#2>Resolving deltas:  56% (14/25)
Git#2>Resolving deltas:  60% (15/25)
Git#2>Resolving deltas:  64% (16/25)
Git#2>Resolving deltas:  68% (17/25)
Git#2>Resolving deltas:  72% (18/25)
Git#2>Resolving deltas:  76% (19/25)
Git#2>Resolving deltas:  80% (20/25)
Git#2>Resolving deltas:  84% (21/25)
Git#2>Resolving deltas:  88% (22/25)
Git#2>Resolving deltas:  92% (23/25)
Git#2>Resolving deltas:  96% (24/25)
Git#2>Resolving deltas: 100% (25/25)
Git#2>Resolving deltas: 100% (25/25), done.
Git#19>HEAD is now at 1ec0dc5 Upload core-make 3.5.1.6513 [3178]
Git#19>Success: git -C C:/Users/Archit/S25_26/mtb_shared/core-make/release-v3.5.1 -c advice.detachedHead=false checkout --progress release-v3.5.1
Git#22>Starting: git -C C:/Users/Archit/S25_26/mtb_shared/recipe-make-cat1c/release-v1.5.0 -c advice.detachedHead=false checkout --progress release-v1.5.0
Git#20>HEAD is now at 14e7f49 Upload mtb-hal-cat1 [3108]
Git#20>Success: git -C C:/Users/Archit/S25_26/mtb_shared/mtb-hal-cat1/release-v2.6.2 -c advice.detachedHead=false checkout --progress release-v2.6.2
Git#23>Starting: git -C C:/Users/Archit/S25_26/mtb_shared/cmsis/release-v5.8.2 -c advice.detachedHead=false checkout --progress release-v5.8.2
Git#22>HEAD is now at a3a0d0c Upload recipe-make-cat1c 1.5.0.6451 [3142]
Git#22>Success: git -C C:/Users/Archit/S25_26/mtb_shared/recipe-make-cat1c/release-v1.5.0 -c advice.detachedHead=false checkout --progress release-v1.5.0
Git#24>Starting: git -C C:/Users/Archit/.modustoolbox/global/device-db/release-v4.21.0 -c advice.detachedHead=false checkout --progress release-v4.21.0
Git#2>Success: git -C C:/Users/Archit/S25_26/Ethernet_UDP_Client_1/libs clone --progress --origin cypress --no-checkout --filter=blob:none https://github.com/Infineon/TARGET_KIT_XMC72_EVK TARGET_KIT_XMC72_EVK
Git#25>Starting: git -C C:/Users/Archit/S25_26/Ethernet_UDP_Client_1/libs/TARGET_KIT_XMC72_EVK -c advice.detachedHead=false checkout --progress release-v2.3.0
Git#23>HEAD is now at 89700d7 Upload cmsis 5.8.2.133 [3108]
Git#23>Success: git -C C:/Users/Archit/S25_26/mtb_shared/cmsis/release-v5.8.2 -c advice.detachedHead=false checkout --progress release-v5.8.2
Git#21>HEAD is now at a4711ad Upload mtb-pdl-cat1 3.15.1.40763 [3344]
Git#21>Success: git -C C:/Users/Archit/S25_26/mtb_shared/mtb-pdl-cat1/release-v3.15.1 -c advice.detachedHead=false checkout --progress release-v3.15.1
Git#25>Updating files:  13% (20/143)
Git#25>Updating files:  14% (21/143)
Git#25>Updating files:  15% (22/143)
Git#25>Updating files:  16% (23/143)
Git#25>Updating files:  17% (25/143)
Git#25>Updating files:  18% (26/143)
Git#25>Updating files:  19% (28/143)
Git#25>Updating files:  20% (29/143)
Git#25>Updating files:  21% (31/143)
Git#25>Updating files:  22% (32/143)
Git#25>Updating files:  23% (33/143)
Git#25>Updating files:  24% (35/143)
Git#25>Updating files:  25% (36/143)
Git#25>Updating files:  26% (38/143)
Git#24>HEAD is now at 516d3c46 Upload device-db 4.21.0.7643 [3221]
Git#24>Success: git -C C:/Users/Archit/.modustoolbox/global/device-db/release-v4.21.0 -c advice.detachedHead=false checkout --progress release-v4.21.0
Git#25>Updating files:  27% (39/143)
Git#25>Updating files:  28% (41/143)
Git#25>Updating files:  29% (42/143)
Git#25>Updating files:  30% (43/143)
Git#25>Updating files:  31% (45/143)
Git#25>Updating files:  32% (46/143)
Git#25>Updating files:  33% (48/143)
Git#25>Updating files:  34% (49/143)
Git#25>Updating files:  35% (51/143)
Git#25>Updating files:  36% (52/143)
Git#25>Updating files:  37% (53/143)
Git#25>Updating files:  38% (55/143)
Git#25>Updating files:  39% (56/143)
Git#25>Updating files:  40% (58/143)
Git#25>Updating files:  41% (59/143)
Git#25>Updating files:  42% (61/143)
Git#25>Updating files:  43% (62/143)
Git#25>Updating files:  44% (63/143)
Git#25>Updating files:  45% (65/143)
Git#25>Updating files:  46% (66/143)
Git#25>Updating files:  47% (68/143)
Git#25>Updating files:  48% (69/143)
Git#25>Updating files:  49% (71/143)
Git#25>Updating files:  50% (72/143)
Git#25>Updating files:  51% (73/143)
Git#25>Updating files:  52% (75/143)
Git#25>Updating files:  53% (76/143)
Git#25>Updating files:  54% (78/143)
Git#25>Updating files:  55% (79/143)
Git#25>Updating files:  56% (81/143)
Git#25>Updating files:  57% (82/143)
Git#25>Updating files:  58% (83/143)
Git#25>Updating files:  59% (85/143)
Git#25>Updating files:  60% (86/143)
Git#25>Updating files:  61% (88/143)
Git#25>Updating files:  62% (89/143)
Git#25>Updating files:  63% (91/143)
Git#25>Updating files:  64% (92/143)
Git#25>Updating files:  65% (93/143)
Git#25>Updating files:  66% (95/143)
Git#25>Updating files:  67% (96/143)
Git#25>Updating files:  68% (98/143)
Git#25>Updating files:  69% (99/143)
Git#25>Updating files:  70% (101/143)
Git#25>Updating files:  71% (102/143)
Git#25>Updating files:  72% (103/143)
Git#25>Updating files:  73% (105/143)
Git#25>Updating files:  74% (106/143)
Git#25>Updating files:  75% (108/143)
Git#25>Updating files:  76% (109/143)
Git#25>Updating files:  77% (111/143)
Git#25>Updating files:  78% (112/143)
Git#25>Updating files:  79% (113/143)
Git#25>Updating files:  80% (115/143)
Git#25>Updating files:  81% (116/143)
Git#25>Updating files:  82% (118/143)
Git#25>Updating files:  83% (119/143)
Git#25>Updating files:  84% (121/143)
Git#25>Updating files:  85% (122/143)
Git#25>Updating files:  86% (123/143)
Git#25>Updating files:  87% (125/143)
Git#25>Updating files:  88% (126/143)
Git#25>Updating files:  89% (128/143)
Git#25>Updating files:  90% (129/143)
Git#25>Updating files:  91% (131/143)
Git#25>Updating files:  92% (132/143)
Git#25>Updating files:  93% (133/143)
Git#25>Updating files:  94% (135/143)
Git#25>Updating files:  95% (136/143)
Git#25>Updating files:  96% (138/143)
Git#25>Updating files:  97% (139/143)
Git#25>Updating files:  98% (141/143)
Git#25>Updating files:  99% (142/143)
Git#25>Updating files: 100% (143/143)
Git#25>Updating files: 100% (143/143), done.
Git#25>HEAD is now at f2bad65 Upload TARGET_KIT_XMC72_EVK [3108]
Git#25>Success: git -C C:/Users/Archit/S25_26/Ethernet_UDP_Client_1/libs/TARGET_KIT_XMC72_EVK -c advice.detachedHead=false checkout --progress release-v2.3.0
Copying template files from C:/Users/Archit/S25_26/Ethernet_UDP_Client_1/templates/TARGET_KIT_XMC72_EVK to C:/Users/Archit/S25_26/Ethernet_UDP_Client_1/bsps/TARGET_APP_KIT_XMC72_EVK
Requested to change the active target to 'APP_KIT_XMC72_EVK'.
Removed the file 'C:/Users/Archit/S25_26/Ethernet_UDP_Client_1/deps/TARGET_KIT_XMC72_EVK.mtb'.
Writing the file 'C:/Users/Archit/S25_26/Ethernet_UDP_Client_1/libs/app.mk'.
Successfully committed changes to the project 'mtb-example-ethernet-udp-client'.
Project "Ethernet_UDP_Client_1" created successfully.
Successfully created "Ethernet_UDP_Client_1" application.
==============================================================================
= Export "Ethernet_UDP_Client_1" application to Eclipse IDE for ModusToolbox™ =
==============================================================================
make eclipse CY_IDE_PRJNAME=Ethernet_UDP_Client_1 CY_MAKE_IDE=eclipse CY_MAKE_IDE_VERSION=3.4 CY_TOOLS_PATHS=C:/Users/Archit/ModusToolbox/tools_3.4 MTB_MAKE_ECLIPSE_FORCE_REGENERATE_PROJECT=1
Tools Directory: C:/Users/Archit/ModusToolbox/tools_3.4
Searching installed tools in progress...
Searching installed tools complete
"Using linker bsps/TARGET_APP_KIT_XMC72_EVK/COMPONENT_/TOOLCHAIN_GCC_ARM/linker.ld"
Prebuild operations complete
Toolchain validation: PASS
Initializing build: mtb-example-ethernet-udp-client Debug APP_KIT_XMC72_EVK GCC_ARM
Auto-discovery in progress...
Auto-discovery complete
Tools Directory: C:/Users/Archit/ModusToolbox/tools_3.4
"Using linker bsps/TARGET_APP_KIT_XMC72_EVK/COMPONENT_/TOOLCHAIN_GCC_ARM/linker.ld"
Toolchain validation: PASS
Initializing build: mtb-example-ethernet-udp-client Debug APP_KIT_XMC72_EVK GCC_ARM
==============================================================================
= Building application =
==============================================================================
Generating compilation database file...
-> ./build/compile_commands.json
Compilation database file generation complete
Generated C:/Users/Archit/S25_26/Ethernet_UDP_Client_1/.cproject
Generated C:/Users/Archit/S25_26/Ethernet_UDP_Client_1/.project
Generated C:/Users/Archit/S25_26/Ethernet_UDP_Client_1/.mtbLaunchConfigs/Ethernet_UDP_Client_1 Program (KitProg3_MiniProg4).launch
Generated C:/Users/Archit/S25_26/Ethernet_UDP_Client_1/.mtbLaunchConfigs/Ethernet_UDP_Client_1 Erase All (KitProg3_MiniProg4).launch
Generated C:/Users/Archit/S25_26/Ethernet_UDP_Client_1/.mtbLaunchConfigs/Ethernet_UDP_Client_1 Erase Device (KitProg3_MiniProg4).launch
Generated C:/Users/Archit/S25_26/Ethernet_UDP_Client_1/.mtbLaunchConfigs/Ethernet_UDP_Client_1 Attach (KitProg3_MiniProg4).launch
Generated C:/Users/Archit/S25_26/Ethernet_UDP_Client_1/.mtbLaunchConfigs/Ethernet_UDP_Client_1 Debug (KitProg3_MiniProg4).launch

Instructions:
1. Open Eclipse IDE for ModusToolbox
2. Select 'Import Existing Application In-Place' from the QuickPanel
3. Browse to the application root directory

For more information, refer to the Eclipse IDE for ModusToolbox user guide.

The application "Ethernet_UDP_Client_1" was successfully exported to Eclipse IDE for ModusToolbox™.
0 error(s), 0 warning(s)

Summary:

Successfully created and exported "Ethernet_UDP_Client_1" application.
